<?xml version="1.0" encoding="UTF-8"?>
<testng-results ignored="0" total="2" passed="2" failed="0" skipped="0">
  <reporter-output>
  </reporter-output>
  <suite started-at="2023-11-07T14:00:22 IST" name="Suite" finished-at="2023-11-07T14:00:32 IST" duration-ms="9818">
    <groups>
    </groups>
    <test started-at="2023-11-07T14:00:22 IST" name="Test" finished-at="2023-11-07T14:00:32 IST" duration-ms="9818">
      <class name="org.TestAmazon.TestAmazonSearch">
        <test-method is-config="true" signature="browserLaunch()[pri:0, instance:org.TestAmazon.TestAmazonSearch@5b247367]" started-at="2023-11-07T14:00:22 IST" name="browserLaunch" finished-at="2023-11-07T14:00:29 IST" duration-ms="6581" status="PASS">
          <reporter-output>
          </reporter-output>
        </test-method> <!-- browserLaunch -->
        <test-method signature="productSearch()[pri:0, instance:org.TestAmazon.TestAmazonSearch@5b247367]" started-at="2023-11-07T14:00:29 IST" name="productSearch" finished-at="2023-11-07T14:00:31 IST" duration-ms="2499" status="PASS">
          <reporter-output>
          </reporter-output>
        </test-method> <!-- productSearch -->
        <test-method signature="selectProduct()[pri:0, instance:org.TestAmazon.TestAmazonSearch@5b247367]" started-at="2023-11-07T14:00:31 IST" name="selectProduct" finished-at="2023-11-07T14:00:32 IST" duration-ms="185" status="PASS">
          <reporter-output>
          </reporter-output>
        </test-method> <!-- selectProduct -->
        <test-method is-config="true" signature="closeBrowser()[pri:0, instance:org.TestAmazon.TestAmazonSearch@5b247367]" started-at="2023-11-07T14:00:32 IST" name="closeBrowser" finished-at="2023-11-07T14:00:32 IST" duration-ms="474" status="PASS">
          <reporter-output>
          </reporter-output>
        </test-method> <!-- closeBrowser -->
      </class> <!-- org.TestAmazon.TestAmazonSearch -->
    </test> <!-- Test -->
  </suite> <!-- Suite -->
</testng-results>
