<?xml version="1.0" encoding="UTF-8"?>
<testng-results ignored="0" total="2" passed="2" failed="0" skipped="0">
  <reporter-output>
  </reporter-output>
  <suite started-at="2023-10-09T12:19:21 IST" name="Default suite" finished-at="2023-10-09T12:19:31 IST" duration-ms="10208">
    <groups>
    </groups>
    <test started-at="2023-10-09T12:19:21 IST" name="Default test" finished-at="2023-10-09T12:19:31 IST" duration-ms="10208">
      <class name="org.TestAmazon.TestAmazonSearch">
        <test-method is-config="true" signature="browserLaunch()[pri:0, instance:org.TestAmazon.TestAmazonSearch@5b247367]" started-at="2023-10-09T12:19:21 IST" name="browserLaunch" finished-at="2023-10-09T12:19:28 IST" duration-ms="6483" status="PASS">
          <reporter-output>
          </reporter-output>
        </test-method> <!-- browserLaunch -->
        <test-method signature="productSearch()[pri:0, instance:org.TestAmazon.TestAmazonSearch@5b247367]" started-at="2023-10-09T12:19:28 IST" name="productSearch" finished-at="2023-10-09T12:19:31 IST" duration-ms="2913" status="PASS">
          <reporter-output>
          </reporter-output>
        </test-method> <!-- productSearch -->
        <test-method signature="selectProduct()[pri:0, instance:org.TestAmazon.TestAmazonSearch@5b247367]" started-at="2023-10-09T12:19:31 IST" name="selectProduct" finished-at="2023-10-09T12:19:31 IST" duration-ms="256" status="PASS">
          <reporter-output>
          </reporter-output>
        </test-method> <!-- selectProduct -->
        <test-method is-config="true" signature="closeBrowser()[pri:0, instance:org.TestAmazon.TestAmazonSearch@5b247367]" started-at="2023-10-09T12:19:31 IST" name="closeBrowser" finished-at="2023-10-09T12:19:31 IST" duration-ms="467" status="PASS">
          <reporter-output>
          </reporter-output>
        </test-method> <!-- closeBrowser -->
      </class> <!-- org.TestAmazon.TestAmazonSearch -->
    </test> <!-- Default test -->
  </suite> <!-- Default suite -->
</testng-results>
